outputs/logs/manifest-merger-release-report.txt
-- Merging decision tree log ---
manifest
ADDED from src\main\AndroidManifest.xml:2:1-206:12
INJECTED from src\main\AndroidManifest.xml:2:1-206:12
INJECTED from src\main\AndroidManifest.xml:2:1-206:12
INJECTED from src\main\AndroidManifest.xml:2:1-206:12
MERGED from [com.google.android.material:material:1.10.0] AndroidManifest.xml:17:1-24:12
MERGED from [androidx.constraintlayout:constraintlayout:2.1.4] AndroidManifest.xml:2:1-11:12
MERGED from [androidx.appcompat:appcompat-resources:1.6.1] AndroidManifest.xml:17:1-22:12
MERGED from [androidx.appcompat:appcompat:1.6.1] AndroidManifest.xml:17:1-22:12
MERGED from [androidx.viewpager2:viewpager2:1.0.0] AndroidManifest.xml:17:1-24:12
MERGED from [androidx.fragment:fragment:1.3.6] AndroidManifest.xml:17:1-24:12
MERGED from [androidx.activity:activity:1.8.0] AndroidManifest.xml:17:1-22:12
MERGED from [androidx.emoji2:emoji2-views-helper:1.2.0] AndroidManifest.xml:2:1-7:12
MERGED from [androidx.emoji2:emoji2:1.2.0] AndroidManifest.xml:17:1-35:12
MERGED from [androidx.drawerlayout:drawerlayout:1.1.1] AndroidManifest.xml:17:1-24:12
MERGED from [androidx.coordinatorlayout:coordinatorlayout:1.1.0] AndroidManifest.xml:17:1-24:12
MERGED from [androidx.dynamicanimation:dynamicanimation:1.0.0] AndroidManifest.xml:17:1-22:12
MERGED from [androidx.transition:transition:1.2.0] AndroidManifest.xml:17:1-24:12
MERGED from [androidx.vectordrawable:vectordrawable-animated:1.1.0] AndroidManifest.xml:17:1-24:12
MERGED from [androidx.vectordrawable:vectordrawable:1.1.0] AndroidManifest.xml:17:1-24:12
MERGED from [androidx.legacy:legacy-support-core-utils:1.0.0] AndroidManifest.xml:17:1-22:12
MERGED from [androidx.loader:loader:1.0.0] AndroidManifest.xml:17:1-22:12
MERGED from [androidx.savedstate:savedstate:1.2.1] AndroidManifest.xml:17:1-22:12
MERGED from [androidx.lifecycle:lifecycle-process:2.6.1] AndroidManifest.xml:17:1-35:12
MERGED from [androidx.lifecycle:lifecycle-livedata-core:2.6.1] AndroidManifest.xml:17:1-22:12
MERGED from [androidx.lifecycle:lifecycle-livedata:2.6.1] AndroidManifest.xml:17:1-22:12
MERGED from [androidx.lifecycle:lifecycle-viewmodel:2.6.1] AndroidManifest.xml:17:1-22:12
MERGED from [androidx.lifecycle:lifecycle-runtime:2.6.1] AndroidManifest.xml:2:1-7:12
MERGED from [androidx.lifecycle:lifecycle-viewmodel-savedstate:2.6.1] AndroidManifest.xml:17:1-22:12
MERGED from [androidx.core:core-ktx:1.9.0] AndroidManifest.xml:2:1-7:12
MERGED from [androidx.viewpager:viewpager:1.0.0] AndroidManifest.xml:17:1-22:12
MERGED from [androidx.recyclerview:recyclerview:1.1.0] AndroidManifest.xml:17:1-24:12
MERGED from [androidx.customview:customview:1.1.0] AndroidManifest.xml:17:1-24:12
MERGED from [androidx.core:core:1.9.0] AndroidManifest.xml:17:1-30:12
MERGED from [androidx.cursoradapter:cursoradapter:1.0.0] AndroidManifest.xml:17:1-22:12
MERGED from [androidx.cardview:cardview:1.0.0] AndroidManifest.xml:17:1-22:12
MERGED from [androidx.versionedparcelable:versionedparcelable:1.1.1] AndroidManifest.xml:17:1-27:12
MERGED from [androidx.profileinstaller:profileinstaller:1.3.0] AndroidManifest.xml:17:1-55:12
MERGED from [androidx.startup:startup-runtime:1.1.1] AndroidManifest.xml:17:1-33:12
MERGED from [androidx.tracing:tracing:1.0.0] AndroidManifest.xml:17:1-24:12
MERGED from [androidx.interpolator:interpolator:1.0.0] AndroidManifest.xml:17:1-22:12
MERGED from [androidx.arch.core:core-runtime:2.2.0] AndroidManifest.xml:17:1-22:12
MERGED from [androidx.documentfile:documentfile:1.0.0] AndroidManifest.xml:17:1-22:12
MERGED from [androidx.localbroadcastmanager:localbroadcastmanager:1.0.0] AndroidManifest.xml:17:1-22:12
MERGED from [androidx.print:print:1.0.0] AndroidManifest.xml:17:1-22:12
MERGED from [androidx.annotation:annotation-experimental:1.3.0] AndroidManifest.xml:17:1-22:12
	package
		INJECTED from src\main\AndroidManifest.xml
	android:versionName
		INJECTED from src\main\AndroidManifest.xml
	xmlns:tools
		ADDED from src\main\AndroidManifest.xml:3:5-51
	android:versionCode
		INJECTED from src\main\AndroidManifest.xml
	xmlns:android
		ADDED from src\main\AndroidManifest.xml:2:11-69
application
ADDED from src\main\AndroidManifest.xml:5:5-204:19
INJECTED from src\main\AndroidManifest.xml:5:5-204:19
MERGED from [com.google.android.material:material:1.10.0] AndroidManifest.xml:22:5-20
MERGED from [com.google.android.material:material:1.10.0] AndroidManifest.xml:22:5-20
MERGED from [androidx.constraintlayout:constraintlayout:2.1.4] AndroidManifest.xml:9:5-20
MERGED from [androidx.constraintlayout:constraintlayout:2.1.4] AndroidManifest.xml:9:5-20
MERGED from [androidx.emoji2:emoji2:1.2.0] AndroidManifest.xml:23:5-33:19
MERGED from [androidx.emoji2:emoji2:1.2.0] AndroidManifest.xml:23:5-33:19
MERGED from [androidx.lifecycle:lifecycle-process:2.6.1] AndroidManifest.xml:23:5-33:19
MERGED from [androidx.lifecycle:lifecycle-process:2.6.1] AndroidManifest.xml:23:5-33:19
MERGED from [androidx.core:core:1.9.0] AndroidManifest.xml:28:5-89
MERGED from [androidx.core:core:1.9.0] AndroidManifest.xml:28:5-89
MERGED from [androidx.versionedparcelable:versionedparcelable:1.1.1] AndroidManifest.xml:24:5-25:19
MERGED from [androidx.versionedparcelable:versionedparcelable:1.1.1] AndroidManifest.xml:24:5-25:19
MERGED from [androidx.profileinstaller:profileinstaller:1.3.0] AndroidManifest.xml:23:5-53:19
MERGED from [androidx.profileinstaller:profileinstaller:1.3.0] AndroidManifest.xml:23:5-53:19
MERGED from [androidx.startup:startup-runtime:1.1.1] AndroidManifest.xml:25:5-31:19
MERGED from [androidx.startup:startup-runtime:1.1.1] AndroidManifest.xml:25:5-31:19
	android:extractNativeLibs
		INJECTED from src\main\AndroidManifest.xml
	android:appComponentFactory
		ADDED from [androidx.core:core:1.9.0] AndroidManifest.xml:28:18-86
	android:supportsRtl
		ADDED from src\main\AndroidManifest.xml:12:9-35
	android:label
		ADDED from src\main\AndroidManifest.xml:10:9-41
	android:fullBackupContent
		ADDED from src\main\AndroidManifest.xml:8:9-54
	android:roundIcon
		ADDED from src\main\AndroidManifest.xml:11:9-54
	tools:targetApi
		ADDED from src\main\AndroidManifest.xml:14:9-29
	android:icon
		ADDED from src\main\AndroidManifest.xml:9:9-43
	android:allowBackup
		ADDED from src\main\AndroidManifest.xml:6:9-35
	android:theme
		ADDED from src\main\AndroidManifest.xml:13:9-44
	android:dataExtractionRules
		ADDED from src\main\AndroidManifest.xml:7:9-65
activity#com.example.azzkar.answer9
ADDED from src\main\AndroidManifest.xml:15:9-18:72
	android:exported
		ADDED from src\main\AndroidManifest.xml:17:13-37
	android:theme
		ADDED from src\main\AndroidManifest.xml:18:13-69
	android:name
		ADDED from src\main\AndroidManifest.xml:16:13-36
activity#com.example.azzkar.mogzat8
ADDED from src\main\AndroidManifest.xml:19:9-22:72
	android:exported
		ADDED from src\main\AndroidManifest.xml:21:13-37
	android:theme
		ADDED from src\main\AndroidManifest.xml:22:13-69
	android:name
		ADDED from src\main\AndroidManifest.xml:20:13-36
activity#com.example.azzkar.walrusul8
ADDED from src\main\AndroidManifest.xml:23:9-26:72
	android:exported
		ADDED from src\main\AndroidManifest.xml:25:13-37
	android:theme
		ADDED from src\main\AndroidManifest.xml:26:13-69
	android:name
		ADDED from src\main\AndroidManifest.xml:24:13-38
activity#com.example.azzkar.ayat7
ADDED from src\main\AndroidManifest.xml:27:9-30:72
	android:exported
		ADDED from src\main\AndroidManifest.xml:29:13-37
	android:theme
		ADDED from src\main\AndroidManifest.xml:30:13-69
	android:name
		ADDED from src\main\AndroidManifest.xml:28:13-34
activity#com.example.azzkar.alianbia7
ADDED from src\main\AndroidManifest.xml:31:9-34:72
	android:exported
		ADDED from src\main\AndroidManifest.xml:33:13-37
	android:theme
		ADDED from src\main\AndroidManifest.xml:34:13-69
	android:name
		ADDED from src\main\AndroidManifest.xml:32:13-38
activity#com.example.azzkar.friday6
ADDED from src\main\AndroidManifest.xml:35:9-38:72
	android:exported
		ADDED from src\main\AndroidManifest.xml:37:13-37
	android:theme
		ADDED from src\main\AndroidManifest.xml:38:13-69
	android:name
		ADDED from src\main\AndroidManifest.xml:36:13-36
activity#com.example.azzkar.travel5
ADDED from src\main\AndroidManifest.xml:39:9-42:72
	android:exported
		ADDED from src\main\AndroidManifest.xml:41:13-37
	android:theme
		ADDED from src\main\AndroidManifest.xml:42:13-69
	android:name
		ADDED from src\main\AndroidManifest.xml:40:13-36
activity#com.example.azzkar.elhajua4
ADDED from src\main\AndroidManifest.xml:43:9-46:72
	android:exported
		ADDED from src\main\AndroidManifest.xml:45:13-37
	android:theme
		ADDED from src\main\AndroidManifest.xml:46:13-69
	android:name
		ADDED from src\main\AndroidManifest.xml:44:13-37
activity#com.example.azzkar.learn4
ADDED from src\main\AndroidManifest.xml:47:9-50:72
	android:exported
		ADDED from src\main\AndroidManifest.xml:49:13-37
	android:theme
		ADDED from src\main\AndroidManifest.xml:50:13-69
	android:name
		ADDED from src\main\AndroidManifest.xml:48:13-35
activity#com.example.azzkar.aistikharua4
ADDED from src\main\AndroidManifest.xml:51:9-54:72
	android:exported
		ADDED from src\main\AndroidManifest.xml:53:13-37
	android:theme
		ADDED from src\main\AndroidManifest.xml:54:13-69
	android:name
		ADDED from src\main\AndroidManifest.xml:52:13-41
activity#com.example.azzkar.nara13
ADDED from src\main\AndroidManifest.xml:55:9-58:72
	android:exported
		ADDED from src\main\AndroidManifest.xml:57:13-37
	android:theme
		ADDED from src\main\AndroidManifest.xml:58:13-69
	android:name
		ADDED from src\main\AndroidManifest.xml:56:13-35
activity#com.example.azzkar.twslat123
ADDED from src\main\AndroidManifest.xml:59:9-62:72
	android:exported
		ADDED from src\main\AndroidManifest.xml:61:13-37
	android:theme
		ADDED from src\main\AndroidManifest.xml:62:13-69
	android:name
		ADDED from src\main\AndroidManifest.xml:60:13-38
activity#com.example.azzkar.alhifz113
ADDED from src\main\AndroidManifest.xml:63:9-66:72
	android:exported
		ADDED from src\main\AndroidManifest.xml:65:13-37
	android:theme
		ADDED from src\main\AndroidManifest.xml:66:13-69
	android:name
		ADDED from src\main\AndroidManifest.xml:64:13-38
activity#com.example.azzkar.alfiten103
ADDED from src\main\AndroidManifest.xml:67:9-70:72
	android:exported
		ADDED from src\main\AndroidManifest.xml:69:13-37
	android:theme
		ADDED from src\main\AndroidManifest.xml:70:13-69
	android:name
		ADDED from src\main\AndroidManifest.xml:68:13-39
activity#com.example.azzkar.nafsi93
ADDED from src\main\AndroidManifest.xml:71:9-74:72
	android:exported
		ADDED from src\main\AndroidManifest.xml:73:13-37
	android:theme
		ADDED from src\main\AndroidManifest.xml:74:13-69
	android:name
		ADDED from src\main\AndroidManifest.xml:72:13-36
activity#com.example.azzkar.aleafw83
ADDED from src\main\AndroidManifest.xml:75:9-78:72
	android:exported
		ADDED from src\main\AndroidManifest.xml:77:13-37
	android:theme
		ADDED from src\main\AndroidManifest.xml:78:13-69
	android:name
		ADDED from src\main\AndroidManifest.xml:76:13-37
activity#com.example.azzkar.alhal73
ADDED from src\main\AndroidManifest.xml:79:9-82:72
	android:exported
		ADDED from src\main\AndroidManifest.xml:81:13-37
	android:theme
		ADDED from src\main\AndroidManifest.xml:82:13-69
	android:name
		ADDED from src\main\AndroidManifest.xml:80:13-36
activity#com.example.azzkar.eldeen63
ADDED from src\main\AndroidManifest.xml:83:9-86:72
	android:exported
		ADDED from src\main\AndroidManifest.xml:85:13-37
	android:theme
		ADDED from src\main\AndroidManifest.xml:86:13-69
	android:name
		ADDED from src\main\AndroidManifest.xml:84:13-37
activity#com.example.azzkar.elwaleden53
ADDED from src\main\AndroidManifest.xml:87:9-90:72
	android:exported
		ADDED from src\main\AndroidManifest.xml:89:13-37
	android:theme
		ADDED from src\main\AndroidManifest.xml:90:13-69
	android:name
		ADDED from src\main\AndroidManifest.xml:88:13-40
activity#com.example.azzkar.ker43
ADDED from src\main\AndroidManifest.xml:91:9-94:72
	android:exported
		ADDED from src\main\AndroidManifest.xml:93:13-37
	android:theme
		ADDED from src\main\AndroidManifest.xml:94:13-69
	android:name
		ADDED from src\main\AndroidManifest.xml:92:13-34
activity#com.example.azzkar.rahd33
ADDED from src\main\AndroidManifest.xml:95:9-98:72
	android:exported
		ADDED from src\main\AndroidManifest.xml:97:13-37
	android:theme
		ADDED from src\main\AndroidManifest.xml:98:13-69
	android:name
		ADDED from src\main\AndroidManifest.xml:96:13-35
activity#com.example.azzkar.magfara23
ADDED from src\main\AndroidManifest.xml:99:9-102:72
	android:exported
		ADDED from src\main\AndroidManifest.xml:101:13-37
	android:theme
		ADDED from src\main\AndroidManifest.xml:102:13-69
	android:name
		ADDED from src\main\AndroidManifest.xml:100:13-38
activity#com.example.azzkar.leyel3
ADDED from src\main\AndroidManifest.xml:103:9-106:72
	android:exported
		ADDED from src\main\AndroidManifest.xml:105:13-37
	android:theme
		ADDED from src\main\AndroidManifest.xml:106:13-69
	android:name
		ADDED from src\main\AndroidManifest.xml:104:13-35
activity#com.example.azzkar.eid3
ADDED from src\main\AndroidManifest.xml:107:9-110:72
	android:exported
		ADDED from src\main\AndroidManifest.xml:109:13-37
	android:theme
		ADDED from src\main\AndroidManifest.xml:110:13-69
	android:name
		ADDED from src\main\AndroidManifest.xml:108:13-33
activity#com.example.azzkar.taraweh3
ADDED from src\main\AndroidManifest.xml:111:9-114:72
	android:exported
		ADDED from src\main\AndroidManifest.xml:113:13-37
	android:theme
		ADDED from src\main\AndroidManifest.xml:114:13-69
	android:name
		ADDED from src\main\AndroidManifest.xml:112:13-37
activity#com.example.azzkar.rama3
ADDED from src\main\AndroidManifest.xml:115:9-118:72
	android:exported
		ADDED from src\main\AndroidManifest.xml:117:13-37
	android:theme
		ADDED from src\main\AndroidManifest.xml:118:13-69
	android:name
		ADDED from src\main\AndroidManifest.xml:116:13-34
activity#com.example.azzkar.razk2
ADDED from src\main\AndroidManifest.xml:119:9-122:72
	android:exported
		ADDED from src\main\AndroidManifest.xml:121:13-37
	android:theme
		ADDED from src\main\AndroidManifest.xml:122:13-69
	android:name
		ADDED from src\main\AndroidManifest.xml:120:13-34
activity#com.example.azzkar.ayat2
ADDED from src\main\AndroidManifest.xml:123:9-126:72
	android:exported
		ADDED from src\main\AndroidManifest.xml:125:13-37
	android:theme
		ADDED from src\main\AndroidManifest.xml:126:13-69
	android:name
		ADDED from src\main\AndroidManifest.xml:124:13-34
activity#com.example.azzkar.haam2
ADDED from src\main\AndroidManifest.xml:127:9-130:72
	android:exported
		ADDED from src\main\AndroidManifest.xml:129:13-37
	android:theme
		ADDED from src\main\AndroidManifest.xml:130:13-69
	android:name
		ADDED from src\main\AndroidManifest.xml:128:13-34
activity#com.example.azzkar.weekup1
ADDED from src\main\AndroidManifest.xml:131:9-134:72
	android:exported
		ADDED from src\main\AndroidManifest.xml:133:13-37
	android:theme
		ADDED from src\main\AndroidManifest.xml:134:13-69
	android:name
		ADDED from src\main\AndroidManifest.xml:132:13-36
activity#com.example.azzkar.helm1
ADDED from src\main\AndroidManifest.xml:135:9-138:72
	android:exported
		ADDED from src\main\AndroidManifest.xml:137:13-37
	android:theme
		ADDED from src\main\AndroidManifest.xml:138:13-69
	android:name
		ADDED from src\main\AndroidManifest.xml:136:13-34
activity#com.example.azzkar.worrie1
ADDED from src\main\AndroidManifest.xml:139:9-142:72
	android:exported
		ADDED from src\main\AndroidManifest.xml:141:13-37
	android:theme
		ADDED from src\main\AndroidManifest.xml:142:13-69
	android:name
		ADDED from src\main\AndroidManifest.xml:140:13-36
activity#com.example.azzkar.leyel1
ADDED from src\main\AndroidManifest.xml:143:9-146:72
	android:exported
		ADDED from src\main\AndroidManifest.xml:145:13-37
	android:theme
		ADDED from src\main\AndroidManifest.xml:146:13-69
	android:name
		ADDED from src\main\AndroidManifest.xml:144:13-35
activity#com.example.azzkar.noom1
ADDED from src\main\AndroidManifest.xml:147:9-150:72
	android:exported
		ADDED from src\main\AndroidManifest.xml:149:13-37
	android:theme
		ADDED from src\main\AndroidManifest.xml:150:13-69
	android:name
		ADDED from src\main\AndroidManifest.xml:148:13-34
activity#com.example.azzkar.evening1
ADDED from src\main\AndroidManifest.xml:151:9-154:72
	android:exported
		ADDED from src\main\AndroidManifest.xml:153:13-37
	android:theme
		ADDED from src\main\AndroidManifest.xml:154:13-69
	android:name
		ADDED from src\main\AndroidManifest.xml:152:13-37
activity#com.example.azzkar.morning1
ADDED from src\main\AndroidManifest.xml:155:9-158:72
	android:exported
		ADDED from src\main\AndroidManifest.xml:157:13-37
	android:theme
		ADDED from src\main\AndroidManifest.xml:158:13-69
	android:name
		ADDED from src\main\AndroidManifest.xml:156:13-37
activity#com.example.azzkar.AlianbiaActivity
ADDED from src\main\AndroidManifest.xml:159:9-162:72
	android:exported
		ADDED from src\main\AndroidManifest.xml:161:13-37
	android:theme
		ADDED from src\main\AndroidManifest.xml:162:13-69
	android:name
		ADDED from src\main\AndroidManifest.xml:160:13-45
activity#com.example.azzkar.AlianbiaWalrusulActivity
ADDED from src\main\AndroidManifest.xml:163:9-166:72
	android:exported
		ADDED from src\main\AndroidManifest.xml:165:13-37
	android:theme
		ADDED from src\main\AndroidManifest.xml:166:13-69
	android:name
		ADDED from src\main\AndroidManifest.xml:164:13-53
activity#com.example.azzkar.FridayActivity
ADDED from src\main\AndroidManifest.xml:167:9-170:72
	android:exported
		ADDED from src\main\AndroidManifest.xml:169:13-37
	android:theme
		ADDED from src\main\AndroidManifest.xml:170:13-69
	android:name
		ADDED from src\main\AndroidManifest.xml:168:13-43
activity#com.example.azzkar.PretendtoTravelActivity
ADDED from src\main\AndroidManifest.xml:171:9-174:72
	android:exported
		ADDED from src\main\AndroidManifest.xml:173:13-37
	android:theme
		ADDED from src\main\AndroidManifest.xml:174:13-69
	android:name
		ADDED from src\main\AndroidManifest.xml:172:13-52
activity#com.example.azzkar.LearnAblutionandPrayerActivity
ADDED from src\main\AndroidManifest.xml:175:9-178:72
	android:exported
		ADDED from src\main\AndroidManifest.xml:177:13-37
	android:theme
		ADDED from src\main\AndroidManifest.xml:178:13-69
	android:name
		ADDED from src\main\AndroidManifest.xml:176:13-59
activity#com.example.azzkar.RamadanActivity
ADDED from src\main\AndroidManifest.xml:179:9-182:72
	android:exported
		ADDED from src\main\AndroidManifest.xml:181:13-37
	android:theme
		ADDED from src\main\AndroidManifest.xml:182:13-69
	android:name
		ADDED from src\main\AndroidManifest.xml:180:13-44
activity#com.example.azzkar.WorryandSadnessActivity
ADDED from src\main\AndroidManifest.xml:183:9-186:72
	android:exported
		ADDED from src\main\AndroidManifest.xml:185:13-37
	android:theme
		ADDED from src\main\AndroidManifest.xml:186:13-69
	android:name
		ADDED from src\main\AndroidManifest.xml:184:13-52
activity#com.example.azzkar.MorningandEveningActivity
ADDED from src\main\AndroidManifest.xml:187:9-190:72
	android:exported
		ADDED from src\main\AndroidManifest.xml:189:13-37
	android:theme
		ADDED from src\main\AndroidManifest.xml:190:13-69
	android:name
		ADDED from src\main\AndroidManifest.xml:188:13-54
activity#com.example.azzkar.AnswerActivity
ADDED from src\main\AndroidManifest.xml:191:9-194:72
	android:exported
		ADDED from src\main\AndroidManifest.xml:193:13-37
	android:theme
		ADDED from src\main\AndroidManifest.xml:194:13-69
	android:name
		ADDED from src\main\AndroidManifest.xml:192:13-43
activity#com.example.azzkar.Azkar
ADDED from src\main\AndroidManifest.xml:195:9-203:20
	android:exported
		ADDED from src\main\AndroidManifest.xml:197:13-36
	android:name
		ADDED from src\main\AndroidManifest.xml:196:13-34
intent-filter#action:name:android.intent.action.MAIN+category:name:android.intent.category.LAUNCHER
ADDED from src\main\AndroidManifest.xml:198:13-202:29
action#android.intent.action.MAIN
ADDED from src\main\AndroidManifest.xml:199:17-69
	android:name
		ADDED from src\main\AndroidManifest.xml:199:25-66
category#android.intent.category.LAUNCHER
ADDED from src\main\AndroidManifest.xml:201:17-77
	android:name
		ADDED from src\main\AndroidManifest.xml:201:27-74
uses-sdk
INJECTED from src\main\AndroidManifest.xml reason: use-sdk injection requested
INJECTED from src\main\AndroidManifest.xml
INJECTED from src\main\AndroidManifest.xml
MERGED from [com.google.android.material:material:1.10.0] AndroidManifest.xml:20:5-44
MERGED from [com.google.android.material:material:1.10.0] AndroidManifest.xml:20:5-44
MERGED from [androidx.constraintlayout:constraintlayout:2.1.4] AndroidManifest.xml:5:5-7:41
MERGED from [androidx.constraintlayout:constraintlayout:2.1.4] AndroidManifest.xml:5:5-7:41
MERGED from [androidx.appcompat:appcompat-resources:1.6.1] AndroidManifest.xml:20:5-44
MERGED from [androidx.appcompat:appcompat-resources:1.6.1] AndroidManifest.xml:20:5-44
MERGED from [androidx.appcompat:appcompat:1.6.1] AndroidManifest.xml:20:5-44
MERGED from [androidx.appcompat:appcompat:1.6.1] AndroidManifest.xml:20:5-44
MERGED from [androidx.viewpager2:viewpager2:1.0.0] AndroidManifest.xml:20:5-22:41
MERGED from [androidx.viewpager2:viewpager2:1.0.0] AndroidManifest.xml:20:5-22:41
MERGED from [androidx.fragment:fragment:1.3.6] AndroidManifest.xml:20:5-22:41
MERGED from [androidx.fragment:fragment:1.3.6] AndroidManifest.xml:20:5-22:41
MERGED from [androidx.activity:activity:1.8.0] AndroidManifest.xml:20:5-44
MERGED from [androidx.activity:activity:1.8.0] AndroidManifest.xml:20:5-44
MERGED from [androidx.emoji2:emoji2-views-helper:1.2.0] AndroidManifest.xml:5:5-44
MERGED from [androidx.emoji2:emoji2-views-helper:1.2.0] AndroidManifest.xml:5:5-44
MERGED from [androidx.emoji2:emoji2:1.2.0] AndroidManifest.xml:21:5-44
MERGED from [androidx.emoji2:emoji2:1.2.0] AndroidManifest.xml:21:5-44
MERGED from [androidx.drawerlayout:drawerlayout:1.1.1] AndroidManifest.xml:20:5-22:41
MERGED from [androidx.drawerlayout:drawerlayout:1.1.1] AndroidManifest.xml:20:5-22:41
MERGED from [androidx.coordinatorlayout:coordinatorlayout:1.1.0] AndroidManifest.xml:20:5-22:41
MERGED from [androidx.coordinatorlayout:coordinatorlayout:1.1.0] AndroidManifest.xml:20:5-22:41
MERGED from [androidx.dynamicanimation:dynamicanimation:1.0.0] AndroidManifest.xml:20:5-44
MERGED from [androidx.dynamicanimation:dynamicanimation:1.0.0] AndroidManifest.xml:20:5-44
MERGED from [androidx.transition:transition:1.2.0] AndroidManifest.xml:20:5-22:41
MERGED from [androidx.transition:transition:1.2.0] AndroidManifest.xml:20:5-22:41
MERGED from [androidx.vectordrawable:vectordrawable-animated:1.1.0] AndroidManifest.xml:20:5-22:41
MERGED from [androidx.vectordrawable:vectordrawable-animated:1.1.0] AndroidManifest.xml:20:5-22:41
MERGED from [androidx.vectordrawable:vectordrawable:1.1.0] AndroidManifest.xml:20:5-22:41
MERGED from [androidx.vectordrawable:vectordrawable:1.1.0] AndroidManifest.xml:20:5-22:41
MERGED from [androidx.legacy:legacy-support-core-utils:1.0.0] AndroidManifest.xml:20:5-44
MERGED from [androidx.legacy:legacy-support-core-utils:1.0.0] AndroidManifest.xml:20:5-44
MERGED from [androidx.loader:loader:1.0.0] AndroidManifest.xml:20:5-44
MERGED from [androidx.loader:loader:1.0.0] AndroidManifest.xml:20:5-44
MERGED from [androidx.savedstate:savedstate:1.2.1] AndroidManifest.xml:20:5-44
MERGED from [androidx.savedstate:savedstate:1.2.1] AndroidManifest.xml:20:5-44
MERGED from [androidx.lifecycle:lifecycle-process:2.6.1] AndroidManifest.xml:21:5-44
MERGED from [androidx.lifecycle:lifecycle-process:2.6.1] AndroidManifest.xml:21:5-44
MERGED from [androidx.lifecycle:lifecycle-livedata-core:2.6.1] AndroidManifest.xml:20:5-44
MERGED from [androidx.lifecycle:lifecycle-livedata-core:2.6.1] AndroidManifest.xml:20:5-44
MERGED from [androidx.lifecycle:lifecycle-livedata:2.6.1] AndroidManifest.xml:20:5-44
MERGED from [androidx.lifecycle:lifecycle-livedata:2.6.1] AndroidManifest.xml:20:5-44
MERGED from [androidx.lifecycle:lifecycle-viewmodel:2.6.1] AndroidManifest.xml:20:5-44
MERGED from [androidx.lifecycle:lifecycle-viewmodel:2.6.1] AndroidManifest.xml:20:5-44
MERGED from [androidx.lifecycle:lifecycle-runtime:2.6.1] AndroidManifest.xml:5:5-44
MERGED from [androidx.lifecycle:lifecycle-runtime:2.6.1] AndroidManifest.xml:5:5-44
MERGED from [androidx.lifecycle:lifecycle-viewmodel-savedstate:2.6.1] AndroidManifest.xml:20:5-44
MERGED from [androidx.lifecycle:lifecycle-viewmodel-savedstate:2.6.1] AndroidManifest.xml:20:5-44
MERGED from [androidx.core:core-ktx:1.9.0] AndroidManifest.xml:5:5-44
MERGED from [androidx.core:core-ktx:1.9.0] AndroidManifest.xml:5:5-44
MERGED from [androidx.viewpager:viewpager:1.0.0] AndroidManifest.xml:20:5-44
MERGED from [androidx.viewpager:viewpager:1.0.0] AndroidManifest.xml:20:5-44
MERGED from [androidx.recyclerview:recyclerview:1.1.0] AndroidManifest.xml:20:5-22:41
MERGED from [androidx.recyclerview:recyclerview:1.1.0] AndroidManifest.xml:20:5-22:41
MERGED from [androidx.customview:customview:1.1.0] AndroidManifest.xml:20:5-22:41
MERGED from [androidx.customview:customview:1.1.0] AndroidManifest.xml:20:5-22:41
MERGED from [androidx.core:core:1.9.0] AndroidManifest.xml:20:5-44
MERGED from [androidx.core:core:1.9.0] AndroidManifest.xml:20:5-44
MERGED from [androidx.cursoradapter:cursoradapter:1.0.0] AndroidManifest.xml:20:5-44
MERGED from [androidx.cursoradapter:cursoradapter:1.0.0] AndroidManifest.xml:20:5-44
MERGED from [androidx.cardview:cardview:1.0.0] AndroidManifest.xml:20:5-44
MERGED from [androidx.cardview:cardview:1.0.0] AndroidManifest.xml:20:5-44
MERGED from [androidx.versionedparcelable:versionedparcelable:1.1.1] AndroidManifest.xml:20:5-22:41
MERGED from [androidx.versionedparcelable:versionedparcelable:1.1.1] AndroidManifest.xml:20:5-22:41
MERGED from [androidx.profileinstaller:profileinstaller:1.3.0] AndroidManifest.xml:21:5-44
MERGED from [androidx.profileinstaller:profileinstaller:1.3.0] AndroidManifest.xml:21:5-44
MERGED from [androidx.startup:startup-runtime:1.1.1] AndroidManifest.xml:21:5-23:41
MERGED from [androidx.startup:startup-runtime:1.1.1] AndroidManifest.xml:21:5-23:41
MERGED from [androidx.tracing:tracing:1.0.0] AndroidManifest.xml:20:5-22:41
MERGED from [androidx.tracing:tracing:1.0.0] AndroidManifest.xml:20:5-22:41
MERGED from [androidx.interpolator:interpolator:1.0.0] AndroidManifest.xml:20:5-44
MERGED from [androidx.interpolator:interpolator:1.0.0] AndroidManifest.xml:20:5-44
MERGED from [androidx.arch.core:core-runtime:2.2.0] AndroidManifest.xml:20:5-44
MERGED from [androidx.arch.core:core-runtime:2.2.0] AndroidManifest.xml:20:5-44
MERGED from [androidx.documentfile:documentfile:1.0.0] AndroidManifest.xml:20:5-44
MERGED from [androidx.documentfile:documentfile:1.0.0] AndroidManifest.xml:20:5-44
MERGED from [androidx.localbroadcastmanager:localbroadcastmanager:1.0.0] AndroidManifest.xml:20:5-44
MERGED from [androidx.localbroadcastmanager:localbroadcastmanager:1.0.0] AndroidManifest.xml:20:5-44
MERGED from [androidx.print:print:1.0.0] AndroidManifest.xml:20:5-44
MERGED from [androidx.print:print:1.0.0] AndroidManifest.xml:20:5-44
MERGED from [androidx.annotation:annotation-experimental:1.3.0] AndroidManifest.xml:20:5-44
MERGED from [androidx.annotation:annotation-experimental:1.3.0] AndroidManifest.xml:20:5-44
	android:targetSdkVersion
		INJECTED from src\main\AndroidManifest.xml
	android:minSdkVersion
		INJECTED from src\main\AndroidManifest.xml
provider#androidx.startup.InitializationProvider
ADDED from [androidx.emoji2:emoji2:1.2.0] AndroidManifest.xml:24:9-32:20
MERGED from [androidx.lifecycle:lifecycle-process:2.6.1] AndroidManifest.xml:24:9-32:20
MERGED from [androidx.lifecycle:lifecycle-process:2.6.1] AndroidManifest.xml:24:9-32:20
MERGED from [androidx.profileinstaller:profileinstaller:1.3.0] AndroidManifest.xml:24:9-32:20
MERGED from [androidx.profileinstaller:profileinstaller:1.3.0] AndroidManifest.xml:24:9-32:20
MERGED from [androidx.startup:startup-runtime:1.1.1] AndroidManifest.xml:26:9-30:34
MERGED from [androidx.startup:startup-runtime:1.1.1] AndroidManifest.xml:26:9-30:34
	tools:node
		ADDED from [androidx.emoji2:emoji2:1.2.0] AndroidManifest.xml:28:13-31
	android:authorities
		ADDED from [androidx.emoji2:emoji2:1.2.0] AndroidManifest.xml:26:13-68
	android:exported
		ADDED from [androidx.emoji2:emoji2:1.2.0] AndroidManifest.xml:27:13-37
	android:name
		ADDED from [androidx.emoji2:emoji2:1.2.0] AndroidManifest.xml:25:13-67
meta-data#androidx.emoji2.text.EmojiCompatInitializer
ADDED from [androidx.emoji2:emoji2:1.2.0] AndroidManifest.xml:29:13-31:52
	android:value
		ADDED from [androidx.emoji2:emoji2:1.2.0] AndroidManifest.xml:31:17-49
	android:name
		ADDED from [androidx.emoji2:emoji2:1.2.0] AndroidManifest.xml:30:17-75
meta-data#androidx.lifecycle.ProcessLifecycleInitializer
ADDED from [androidx.lifecycle:lifecycle-process:2.6.1] AndroidManifest.xml:29:13-31:52
	android:value
		ADDED from [androidx.lifecycle:lifecycle-process:2.6.1] AndroidManifest.xml:31:17-49
	android:name
		ADDED from [androidx.lifecycle:lifecycle-process:2.6.1] AndroidManifest.xml:30:17-78
permission#${applicationId}.DYNAMIC_RECEIVER_NOT_EXPORTED_PERMISSION
ADDED from [androidx.core:core:1.9.0] AndroidManifest.xml:22:5-24:47
	android:protectionLevel
		ADDED from [androidx.core:core:1.9.0] AndroidManifest.xml:24:9-44
	android:name
		ADDED from [androidx.core:core:1.9.0] AndroidManifest.xml:23:9-81
permission#com.example.azzkar.DYNAMIC_RECEIVER_NOT_EXPORTED_PERMISSION
ADDED from [androidx.core:core:1.9.0] AndroidManifest.xml:22:5-24:47
	android:protectionLevel
		ADDED from [androidx.core:core:1.9.0] AndroidManifest.xml:24:9-44
	android:name
		ADDED from [androidx.core:core:1.9.0] AndroidManifest.xml:23:9-81
uses-permission#${applicationId}.DYNAMIC_RECEIVER_NOT_EXPORTED_PERMISSION
ADDED from [androidx.core:core:1.9.0] AndroidManifest.xml:26:5-97
	android:name
		ADDED from [androidx.core:core:1.9.0] AndroidManifest.xml:26:22-94